android/app/build/intermediates/manifest_merge_blame_file/debug/manifest-merger-blame-debug-report.txt
1<?xml version="1.0" encoding="utf-8"?>
2<manifest xmlns:android="http://schemas.android.com/apk/res/android"
3    package="com.firebasestarter"
4    android:versionCode="1"
5    android:versionName="1.0" >
6
7    <uses-sdk
8        android:minSdkVersion="16"
9        android:targetSdkVersion="29" />
10
11    <uses-permission android:name="android.permission.SYSTEM_ALERT_WINDOW" />
11-->src/debug/AndroidManifest.xml:5:5-77
11-->src/debug/AndroidManifest.xml:5:22-75
12    <uses-permission android:name="android.permission.INTERNET" /> <!-- Custom -->
12-->src/main/AndroidManifest.xml:4:5-67
12-->src/main/AndroidManifest.xml:4:22-64
13    <uses-permission android:name="android.permission.CAMERA" /> <!-- Below if you need to record -->
13-->src/main/AndroidManifest.xml:7:5-65
13-->src/main/AndroidManifest.xml:7:22-62
14    <uses-permission android:name="android.permission.RECORD_AUDIO" />
14-->src/main/AndroidManifest.xml:9:5-70
14-->src/main/AndroidManifest.xml:9:22-68
15    <uses-permission android:name="android.permission.READ_EXTERNAL_STORAGE" />
15-->src/main/AndroidManifest.xml:10:5-80
15-->src/main/AndroidManifest.xml:10:22-77
16    <uses-permission android:name="android.permission.WRITE_EXTERNAL_STORAGE" /> <!-- Custom -->
16-->src/main/AndroidManifest.xml:11:5-81
16-->src/main/AndroidManifest.xml:11:22-78
17    <uses-permission android:name="android.permission.INTERNET" />
17-->src/main/AndroidManifest.xml:4:5-67
17-->src/main/AndroidManifest.xml:4:22-64
18    <uses-permission android:name="android.permission.ACCESS_WIFI_STATE" />
18-->[com.facebook.flipper:flipper:0.54.0] AndroidManifest.xml:16:5-76
18-->[com.facebook.flipper:flipper:0.54.0] AndroidManifest.xml:16:22-73
19    <uses-permission android:name="android.permission.WAKE_LOCK" />
19-->[:react-native-firebase_auth] AndroidManifest.xml:12:5-68
19-->[:react-native-firebase_auth] AndroidManifest.xml:12:22-65
20    <uses-permission android:name="android.permission.ACCESS_NETWORK_STATE" />
20-->[:react-native-firebase_auth] AndroidManifest.xml:13:5-79
20-->[:react-native-firebase_auth] AndroidManifest.xml:13:22-76
21
22    <uses-feature
22-->[:react-native-camera] AndroidManifest.xml:11:5-13:36
23        android:name="android.hardware.camera"
23-->[:react-native-camera] AndroidManifest.xml:12:9-47
24        android:required="false" />
24-->[:react-native-camera] AndroidManifest.xml:13:9-33
25    <uses-feature
25-->[:react-native-camera] AndroidManifest.xml:14:5-16:36
26        android:name="android.hardware.camera.autofocus"
26-->[:react-native-camera] AndroidManifest.xml:15:9-57
27        android:required="false" />
27-->[:react-native-camera] AndroidManifest.xml:16:9-33
28
29    <uses-permission android:name="com.google.android.finsky.permission.BIND_GET_INSTALL_REFERRER_SERVICE" />
29-->[com.google.android.gms:play-services-measurement:17.6.0] AndroidManifest.xml:26:5-110
29-->[com.google.android.gms:play-services-measurement:17.6.0] AndroidManifest.xml:26:22-107
30
31    <application
31-->src/main/AndroidManifest.xml:15:5-34:19
32        android:name="com.firebasestarter.MainApplication"
32-->src/main/AndroidManifest.xml:16:7-38
33        android:allowBackup="false"
33-->src/main/AndroidManifest.xml:20:7-34
34        android:appComponentFactory="androidx.core.app.CoreComponentFactory"
34-->[androidx.core:core:1.1.0] AndroidManifest.xml:24:18-86
35        android:debuggable="true"
36        android:icon="@mipmap/ic_launcher"
36-->src/main/AndroidManifest.xml:18:7-41
37        android:label="@string/app_name"
37-->src/main/AndroidManifest.xml:17:7-39
38        android:roundIcon="@mipmap/ic_launcher_round"
38-->src/main/AndroidManifest.xml:19:7-52
39        android:theme="@style/AppTheme"
39-->src/main/AndroidManifest.xml:21:7-38
40        android:usesCleartextTraffic="true" >
40-->src/debug/AndroidManifest.xml:7:18-53
41        <activity
41-->src/main/AndroidManifest.xml:22:7-32:18
42            android:name="com.firebasestarter.MainActivity"
42-->src/main/AndroidManifest.xml:23:9-37
43            android:configChanges="keyboard|keyboardHidden|orientation|screenSize|uiMode"
43-->src/main/AndroidManifest.xml:25:9-86
44            android:label="@string/app_name"
44-->src/main/AndroidManifest.xml:24:9-41
45            android:launchMode="singleTask"
45-->src/main/AndroidManifest.xml:26:9-40
46            android:windowSoftInputMode="adjustResize" >
46-->src/main/AndroidManifest.xml:27:9-51
47            <intent-filter>
47-->src/main/AndroidManifest.xml:28:9-31:25
48                <action android:name="android.intent.action.MAIN" />
48-->src/main/AndroidManifest.xml:29:13-65
48-->src/main/AndroidManifest.xml:29:21-62
49
50                <category android:name="android.intent.category.LAUNCHER" />
50-->src/main/AndroidManifest.xml:30:13-73
50-->src/main/AndroidManifest.xml:30:23-70
51            </intent-filter>
52        </activity>
53        <activity android:name="com.facebook.react.devsupport.DevSettingsActivity" />
53-->src/main/AndroidManifest.xml:33:7-84
53-->src/main/AndroidManifest.xml:33:17-81
54        <activity
54-->[com.google.firebase:firebase-auth:19.4.0] AndroidManifest.xml:24:9-31:50
55            android:name="com.google.firebase.auth.internal.FederatedSignInActivity"
55-->[com.google.firebase:firebase-auth:19.4.0] AndroidManifest.xml:25:13-85
56            android:excludeFromRecents="true"
56-->[com.google.firebase:firebase-auth:19.4.0] AndroidManifest.xml:26:13-46
57            android:exported="true"
57-->[com.google.firebase:firebase-auth:19.4.0] AndroidManifest.xml:27:13-36
58            android:launchMode="singleTask"
58-->[com.google.firebase:firebase-auth:19.4.0] AndroidManifest.xml:28:13-44
59            android:permission="com.google.firebase.auth.api.gms.permission.LAUNCH_FEDERATED_SIGN_IN"
59-->[com.google.firebase:firebase-auth:19.4.0] AndroidManifest.xml:29:13-102
60            android:theme="@android:style/Theme.Translucent.NoTitleBar" />
60-->[com.google.firebase:firebase-auth:19.4.0] AndroidManifest.xml:30:13-72
61
62        <service
62-->[com.google.firebase:firebase-auth:19.4.0] AndroidManifest.xml:33:9-39:19
63            android:name="com.google.firebase.components.ComponentDiscoveryService"
63-->[com.google.firebase:firebase-auth:19.4.0] AndroidManifest.xml:34:13-84
64            android:directBootAware="true"
64-->[com.google.firebase:firebase-common:19.3.0] AndroidManifest.xml:34:13-43
65            android:exported="false" >
65-->[com.google.firebase:firebase-auth:19.4.0] AndroidManifest.xml:35:13-37
66            <meta-data
66-->[com.google.firebase:firebase-auth:19.4.0] AndroidManifest.xml:36:13-38:85
67                android:name="com.google.firebase.components:com.google.firebase.auth.FirebaseAuthRegistrar"
67-->[com.google.firebase:firebase-auth:19.4.0] AndroidManifest.xml:37:17-109
68                android:value="com.google.firebase.components.ComponentRegistrar" />
68-->[com.google.firebase:firebase-auth:19.4.0] AndroidManifest.xml:38:17-82
69            <meta-data
69-->[com.google.android.gms:play-services-measurement-api:17.6.0] AndroidManifest.xml:30:13-32:85
70                android:name="com.google.firebase.components:com.google.firebase.analytics.connector.internal.AnalyticsConnectorRegistrar"
70-->[com.google.android.gms:play-services-measurement-api:17.6.0] AndroidManifest.xml:31:17-139
71                android:value="com.google.firebase.components.ComponentRegistrar" />
71-->[com.google.android.gms:play-services-measurement-api:17.6.0] AndroidManifest.xml:32:17-82
72            <meta-data
72-->[com.google.firebase:firebase-installations:16.3.2] AndroidManifest.xml:17:13-19:85
73                android:name="com.google.firebase.components:com.google.firebase.installations.FirebaseInstallationsRegistrar"
73-->[com.google.firebase:firebase-installations:16.3.2] AndroidManifest.xml:18:17-127
74                android:value="com.google.firebase.components.ComponentRegistrar" />
74-->[com.google.firebase:firebase-installations:16.3.2] AndroidManifest.xml:19:17-82
75        </service>
76
77        <activity
77-->[com.google.android.gms:play-services-auth:18.1.0] AndroidManifest.xml:23:9-27:75
78            android:name="com.google.android.gms.auth.api.signin.internal.SignInHubActivity"
78-->[com.google.android.gms:play-services-auth:18.1.0] AndroidManifest.xml:24:13-93
79            android:excludeFromRecents="true"
79-->[com.google.android.gms:play-services-auth:18.1.0] AndroidManifest.xml:25:13-46
80            android:exported="false"
80-->[com.google.android.gms:play-services-auth:18.1.0] AndroidManifest.xml:26:13-37
81            android:theme="@android:style/Theme.Translucent.NoTitleBar" />
81-->[com.google.android.gms:play-services-auth:18.1.0] AndroidManifest.xml:27:13-72
82        <!--
83            Service handling Google Sign-In user revocation. For apps that do not integrate with
84            Google Sign-In, this service will never be started.
85        -->
86        <service
86-->[com.google.android.gms:play-services-auth:18.1.0] AndroidManifest.xml:33:9-37:51
87            android:name="com.google.android.gms.auth.api.signin.RevocationBoundService"
87-->[com.google.android.gms:play-services-auth:18.1.0] AndroidManifest.xml:34:13-89
88            android:exported="true"
88-->[com.google.android.gms:play-services-auth:18.1.0] AndroidManifest.xml:35:13-36
89            android:permission="com.google.android.gms.auth.api.signin.permission.REVOCATION_NOTIFICATION"
89-->[com.google.android.gms:play-services-auth:18.1.0] AndroidManifest.xml:36:13-107
90            android:visibleToInstantApps="true" />
90-->[com.google.android.gms:play-services-auth:18.1.0] AndroidManifest.xml:37:13-48
91
92        <activity
92-->[com.google.android.gms:play-services-base:17.1.0] AndroidManifest.xml:23:9-26:75
93            android:name="com.google.android.gms.common.api.GoogleApiActivity"
93-->[com.google.android.gms:play-services-base:17.1.0] AndroidManifest.xml:24:13-79
94            android:exported="false"
94-->[com.google.android.gms:play-services-base:17.1.0] AndroidManifest.xml:25:13-37
95            android:theme="@android:style/Theme.Translucent.NoTitleBar" />
95-->[com.google.android.gms:play-services-base:17.1.0] AndroidManifest.xml:26:13-72
96
97        <provider
97-->[com.google.firebase:firebase-common:19.3.0] AndroidManifest.xml:26:9-30:39
98            android:name="com.google.firebase.provider.FirebaseInitProvider"
98-->[com.google.firebase:firebase-common:19.3.0] AndroidManifest.xml:27:13-77
99            android:authorities="com.firebasestarter.firebaseinitprovider"
99-->[com.google.firebase:firebase-common:19.3.0] AndroidManifest.xml:28:13-72
100            android:exported="false"
100-->[com.google.firebase:firebase-common:19.3.0] AndroidManifest.xml:29:13-37
101            android:initOrder="100" />
101-->[com.google.firebase:firebase-common:19.3.0] AndroidManifest.xml:30:13-36
102
103        <receiver
103-->[com.google.android.gms:play-services-measurement:17.6.0] AndroidManifest.xml:29:9-33:20
104            android:name="com.google.android.gms.measurement.AppMeasurementReceiver"
104-->[com.google.android.gms:play-services-measurement:17.6.0] AndroidManifest.xml:30:13-85
105            android:enabled="true"
105-->[com.google.android.gms:play-services-measurement:17.6.0] AndroidManifest.xml:31:13-35
106            android:exported="false" >
106-->[com.google.android.gms:play-services-measurement:17.6.0] AndroidManifest.xml:32:13-37
107        </receiver>
108
109        <service
109-->[com.google.android.gms:play-services-measurement:17.6.0] AndroidManifest.xml:35:9-38:40
110            android:name="com.google.android.gms.measurement.AppMeasurementService"
110-->[com.google.android.gms:play-services-measurement:17.6.0] AndroidManifest.xml:36:13-84
111            android:enabled="true"
111-->[com.google.android.gms:play-services-measurement:17.6.0] AndroidManifest.xml:37:13-35
112            android:exported="false" />
112-->[com.google.android.gms:play-services-measurement:17.6.0] AndroidManifest.xml:38:13-37
113        <service
113-->[com.google.android.gms:play-services-measurement:17.6.0] AndroidManifest.xml:39:9-43:72
114            android:name="com.google.android.gms.measurement.AppMeasurementJobService"
114-->[com.google.android.gms:play-services-measurement:17.6.0] AndroidManifest.xml:40:13-87
115            android:enabled="true"
115-->[com.google.android.gms:play-services-measurement:17.6.0] AndroidManifest.xml:41:13-35
116            android:exported="false"
116-->[com.google.android.gms:play-services-measurement:17.6.0] AndroidManifest.xml:42:13-37
117            android:permission="android.permission.BIND_JOB_SERVICE" />
117-->[com.google.android.gms:play-services-measurement:17.6.0] AndroidManifest.xml:43:13-69
118
119        <meta-data
119-->[com.google.android.gms:play-services-basement:17.1.1] AndroidManifest.xml:23:9-25:69
120            android:name="com.google.android.gms.version"
120-->[com.google.android.gms:play-services-basement:17.1.1] AndroidManifest.xml:24:13-58
121            android:value="@integer/google_play_services_version" />
121-->[com.google.android.gms:play-services-basement:17.1.1] AndroidManifest.xml:25:13-66
122    </application>
123
124</manifest>